room template check:  <ezdxf.document.Drawing object at 0x7fa0168894c0>

depot check:  <ezdxf.document.Drawing object at 0x7fa016889460>
11.11620594474948 10.06030008249956 5.61198475189883 10.06030008249956
5.61198475189883 10.06030008249956 5.61198475189883 9.452984132162328
5.61198475189883 9.452984132162328 2.714602522239886 9.452984132162328
2.714602522239886 9.452984132162328 2.714602522239885 5.575682374743649
2.714602522239885 5.575682374743649 5.176985284969703 5.575682374743649
5.176985284969703 5.575682374743649 5.176985284969703 3.886184461115675
5.176985284969703 3.886184461115675 8.242529459669868 3.886184461115675
8.242529459669868 2.751436749394798 8.242529459669868 1.616689037673921
8.242529459669868 1.616689037673921 11.10762497860594 1.616689037673921
12.17047162089329 1.616689037673921 12.60240250433986 1.616689037673921
12.60240250433986 1.616689037673921 12.60240250433986 2.163302334568584
12.60240250433986 2.163302334568584 14.41340800077654 2.163302334568584
14.41340800077654 2.163302334568584 14.41340800077654 8.80566372580489
14.41340800077654 8.80566372580489 11.12248806167321 8.80566372580489
11.12248806167321 8.80566372580489 11.11620594474948 10.06030008249956
8.364095348324156 10.06030008249956 8.364095348324156 6.560825837825092
8.364095348324156 6.560825837825092 8.539899297954548 6.560825837825092
9.303350015713647 6.560825837825092 11.16509835121894 6.560825837825092
11.16509835121894 6.560825837825092 11.16509835121894 8.80566372580489
8.539899297954548 6.560825837825092 8.539899297954548 7.504378892371136
8.364095348324156 6.560825837825092 8.225143319072458 6.560825837825092
7.428207732804935 6.560825837825092 5.620034829893654 6.560825837825092
5.620034829893654 6.560825837825092 5.61198475189883 9.452984132162328
8.225143319072458 6.560825837825092 8.225143319072458 7.490995156962696
7.298959496346299 6.560825837825092 7.298959496346299 6.493841225302986
7.298959496346299 5.681189061989158 7.298959496346299 5.503104332931513
7.298959496346299 5.503104332931513 7.14356635738477 5.503104332931513
6.306520332827403 5.503104332931513 5.176985284969703 5.503104332931513
7.298959496346299 6.493841225302986 6.375829976318584 6.493841225302986
7.14356635738477 5.503104332931513 7.14356635738477 4.703229356961571
7.298959496346299 5.503104332931513 8.440535387314299 5.503104332931513
9.255184144135058 5.503104332931513 9.638548222989584 5.503104332931513
9.638548222989584 5.503104332931513 9.638548222989584 3.957603380532162
9.638548222989584 3.957603380532162 10.9597856603919 3.957603380532162
10.9597856603919 3.957603380532162 10.9597856603919 3.349561118791967
10.9597856603919 3.349561118791967 8.242529459669868 3.349561118791967
8.242529459669868 3.886184461115675 9.630514210876925 3.886184461115675
9.630514210876925 3.886184461115675 9.630514210876925 3.957603380532162
9.255184144135058 5.503104332931513 9.255184144135058 4.696252595469445
12.17047162089329 1.616689037673921 12.17047162089329 2.57045115097398
11.10762497860594 1.616689037673921 11.10762497860594 1.923382670664494
8.242529459669868 3.183101019055555 7.993721416855663 2.934292976241351
7.993721416855663 2.934292976241351 8.242529459669868 2.751436749394798
8.242529459669868 3.183101019055555 8.242529459669868 3.886184461115675
14.41340800077654 4.329234562795647 12.63051422783235 4.329234562795647
12.63051422783235 4.329234562795647 12.63051422783235 3.857545852245777
12.63051422783235 3.169167189190261 12.63051422783235 2.163302334568584
12.63051422783235 3.857545852245777 11.94161384430799 3.857545852245777
8.242529459669868 2.357937452566602 10.86164311381139 2.357937452566602
10.86164311381139 2.357937452566602 10.86164311381139 1.616689037673921
